<?xml version="1.0" encoding="UTF-8"?>
<testsuite name="sukhbat.orderme.domain.CreateOrderTest" tests="1" skipped="0" failures="0" errors="0" timestamp="2021-10-22T08:19:43" hostname="MONB001" time="0.001">
  <properties/>
  <testcase name="findById" classname="sukhbat.orderme.domain.CreateOrderTest" time="0.001"/>
  <system-out><![CDATA[]]></system-out>
  <system-err><![CDATA[]]></system-err>
</testsuite>
