<?xml version="1.0" encoding="UTF-8"?>
<testsuite name="sukhbat.orderme.domain.ChefTest" tests="3" skipped="0" failures="0" errors="0" timestamp="2021-10-26T07:32:31" hostname="MONB001" time="0.011">
  <properties/>
  <testcase name="ctrCreates" classname="sukhbat.orderme.domain.ChefTest" time="0.011"/>
  <testcase name="ctrDoesntGetEmptyName" classname="sukhbat.orderme.domain.ChefTest" time="0.0"/>
  <testcase name="ctrDoesntGetNullName" classname="sukhbat.orderme.domain.ChefTest" time="0.0"/>
  <system-out><![CDATA[]]></system-out>
  <system-err><![CDATA[]]></system-err>
</testsuite>
