<?xml version="1.0" encoding="UTF-8"?>
<testsuite name="sukhbat.orderme.domain.CreateOrderTest" tests="5" skipped="0" failures="0" errors="0" timestamp="2021-10-26T01:29:06" hostname="MONB001" time="0.033">
  <properties/>
  <testcase name="orderDoesntCreateWithBlankCustomer" classname="sukhbat.orderme.domain.CreateOrderTest" time="0.009"/>
  <testcase name="orderDoesntCreateWithNullFoods" classname="sukhbat.orderme.domain.CreateOrderTest" time="0.001"/>
  <testcase name="orderDoesntCreateWithNullCustomer" classname="sukhbat.orderme.domain.CreateOrderTest" time="0.0"/>
  <testcase name="orderDoesntCreateWithEmptyFoods" classname="sukhbat.orderme.domain.CreateOrderTest" time="0.001"/>
  <testcase name="orderCreated" classname="sukhbat.orderme.domain.CreateOrderTest" time="0.022"/>
  <system-out><![CDATA[]]></system-out>
  <system-err><![CDATA[]]></system-err>
</testsuite>
